<?xml version="1.0" encoding="UTF-8"?>
<testsuite name="MerchantGalaxyTest" tests="3" skipped="0" failures="0" errors="0" timestamp="2019-07-24T17:55:30" hostname="RENTLAPT0060" time="0.039">
  <properties/>
  <testcase name="checkRomanToArabicConversion()" classname="MerchantGalaxyTest" time="0.026"/>
  <testcase name="setItemAndCredits()" classname="MerchantGalaxyTest" time="0.003"/>
  <testcase name="calculateCreditsInOrder()" classname="MerchantGalaxyTest" time="0.004"/>
  <system-out><![CDATA[]]></system-out>
  <system-err><![CDATA[]]></system-err>
</testsuite>
