<?xml version="1.0" encoding="UTF-8"?>
<testsuite name="MerchantGalaxyTest" tests="2" skipped="0" failures="0" errors="0" timestamp="2019-07-24T10:58:44" hostname="RENTLAPT0060" time="0.035">
  <properties/>
  <testcase name="checkRomanToArabicConversion()" classname="MerchantGalaxyTest" time="0.032"/>
  <testcase name="setItemAndCredits()" classname="MerchantGalaxyTest" time="0.002"/>
  <system-out><![CDATA[]]></system-out>
  <system-err><![CDATA[]]></system-err>
</testsuite>
