<?xml version="1.0" encoding="UTF-8"?>
<testsuite name="MerchantGalaxyTest" tests="2" skipped="0" failures="0" errors="0" timestamp="2019-07-25T11:07:35" hostname="RENTLAPT0060" time="0.043">
  <properties/>
  <testcase name="checkAliasToNumberConversion()" classname="MerchantGalaxyTest" time="0.038"/>
  <testcase name="setAlias()" classname="MerchantGalaxyTest" time="0.004"/>
  <system-out><![CDATA[]]></system-out>
  <system-err><![CDATA[]]></system-err>
</testsuite>
