<?xml version="1.0" encoding="UTF-8"?>
<testsuite name="MerchantGalaxyTest" tests="8" skipped="0" failures="0" errors="0" timestamp="2019-07-25T17:08:04" hostname="RENTLAPT0060" time="0.1">
  <properties/>
  <testcase name="checkAliasToNumberConversion()" classname="MerchantGalaxyTest" time="0.035"/>
  <testcase name="findHowManyCredits()" classname="MerchantGalaxyTest" time="0.012"/>
  <testcase name="setStatement()" classname="MerchantGalaxyTest" time="0.032"/>
  <testcase name="generateRomanString()" classname="MerchantGalaxyTest" time="0.001"/>
  <testcase name="findValueOfMetals()" classname="MerchantGalaxyTest" time="0.003"/>
  <testcase name="setAlias()" classname="MerchantGalaxyTest" time="0.001"/>
  <testcase name="getValueOfRomanNumberString()" classname="MerchantGalaxyTest" time="0.001"/>
  <testcase name="findHowMuchValue()" classname="MerchantGalaxyTest" time="0.002"/>
  <system-out><![CDATA[]]></system-out>
  <system-err><![CDATA[]]></system-err>
</testsuite>
