<?xml version="1.0" encoding="UTF-8"?>
<testsuite name="MerchantGalaxyTest" tests="5" skipped="0" failures="0" errors="0" timestamp="2019-07-25T13:21:58" hostname="RENTLAPT0060" time="0.084">
  <properties/>
  <testcase name="checkAliasToNumberConversion()" classname="MerchantGalaxyTest" time="0.035"/>
  <testcase name="getValueOfRomanNumber()" classname="MerchantGalaxyTest" time="0.006"/>
  <testcase name="generateRomanString()" classname="MerchantGalaxyTest" time="0.002"/>
  <testcase name="setAlias()" classname="MerchantGalaxyTest" time="0.001"/>
  <testcase name="setRomanString()" classname="MerchantGalaxyTest" time="0.034"/>
  <system-out><![CDATA[]]></system-out>
  <system-err><![CDATA[]]></system-err>
</testsuite>
