<?xml version="1.0" encoding="UTF-8"?>
<testsuite name="MerchantGalaxyTest" tests="8" skipped="0" failures="0" errors="0" timestamp="2019-07-25T19:48:26" hostname="RENTLAPT0060" time="0.077">
  <properties/>
  <testcase name="checkAliasToNumberConversion()" classname="MerchantGalaxyTest" time="0.028"/>
  <testcase name="findHowManyCredits()" classname="MerchantGalaxyTest" time="0.006"/>
  <testcase name="setStatement()" classname="MerchantGalaxyTest" time="0.024"/>
  <testcase name="generateRomanString()" classname="MerchantGalaxyTest" time="0.002"/>
  <testcase name="findValueOfMetals()" classname="MerchantGalaxyTest" time="0.002"/>
  <testcase name="setAlias()" classname="MerchantGalaxyTest" time="0.001"/>
  <testcase name="getValueOfRomanNumberString()" classname="MerchantGalaxyTest" time="0.001"/>
  <testcase name="findHowMuchValue()" classname="MerchantGalaxyTest" time="0.001"/>
  <system-out><![CDATA[]]></system-out>
  <system-err><![CDATA[]]></system-err>
</testsuite>
